[2021-07-16T18:23:20.268] [INFO] portafolio - Api corriendo en el puerto 3000 
[2021-07-16T18:23:28.739] [INFO] portafolio - Api corriendo en el puerto 3000 
[2021-07-16T18:23:46.592] [INFO] portafolio - Api corriendo en el puerto 3000 
[2021-07-16T18:25:28.229] [INFO] portafolio - Api corriendo en el puerto 3000 
[2021-07-16T18:26:25.432] [INFO] portafolio - Api corriendo en el puerto 3000 
[2021-07-16T18:26:28.512] [INFO] portafolio - Api corriendo en el puerto 3000 
[2021-07-16T18:26:35.785] [INFO] portafolio - Api corriendo en el puerto 3000 
[2021-07-16T18:26:59.359] [INFO] portafolio - Api corriendo en el puerto 3000 
[2021-07-16T18:27:11.320] [INFO] portafolio - Api corriendo en el puerto 3000 
[2021-07-16T18:27:18.953] [INFO] portafolio - Api corriendo en el puerto 3000 
[2021-07-16T18:27:41.965] [INFO] portafolio - Api corriendo en el puerto 3000 
[2021-07-16T18:28:23.432] [INFO] portafolio - Api corriendo en el puerto 3000 
[2021-07-16T18:28:27.500] [INFO] portafolio - Error: TypeError: mongo.lista is not a function
    at Object.get (E:\BRYAN\documentos\Programacion\Node\platzi\portafolio\api\components\user\controller.js:15:15)
    at E:\BRYAN\documentos\Programacion\Node\platzi\portafolio\api\components\user\network.js:9:33
    at Layer.handle [as handle_request] (E:\BRYAN\documentos\Programacion\Node\platzi\portafolio\node_modules\express\lib\router\layer.js:95:5)
    at next (E:\BRYAN\documentos\Programacion\Node\platzi\portafolio\node_modules\express\lib\router\route.js:137:13)
    at Route.dispatch (E:\BRYAN\documentos\Programacion\Node\platzi\portafolio\node_modules\express\lib\router\route.js:112:3)
    at Layer.handle [as handle_request] (E:\BRYAN\documentos\Programacion\Node\platzi\portafolio\node_modules\express\lib\router\layer.js:95:5)
    at E:\BRYAN\documentos\Programacion\Node\platzi\portafolio\node_modules\express\lib\router\index.js:281:22
    at Function.process_params (E:\BRYAN\documentos\Programacion\Node\platzi\portafolio\node_modules\express\lib\router\index.js:335:12)
    at next (E:\BRYAN\documentos\Programacion\Node\platzi\portafolio\node_modules\express\lib\router\index.js:275:10)
    at Function.handle (E:\BRYAN\documentos\Programacion\Node\platzi\portafolio\node_modules\express\lib\router\index.js:174:3)
[2021-07-16T18:29:35.801] [INFO] portafolio - Api corriendo en el puerto 3000 
[2021-07-16T18:29:39.786] [INFO] portafolio - Api corriendo en el puerto 3000 
[2021-07-16T18:29:42.984] [INFO] portafolio - Api corriendo en el puerto 3000 
[2021-07-16T18:30:00.259] [INFO] portafolio - Api corriendo en el puerto 3000 
[2021-07-16T18:30:02.725] [INFO] portafolio - Api corriendo en el puerto 3000 
[2021-07-16T18:30:07.985] [INFO] portafolio - Api corriendo en el puerto 3000 
[2021-07-16T18:30:17.422] [INFO] portafolio - Api corriendo en el puerto 3000 
[2021-07-16T18:30:20.159] [INFO] portafolio - Error: TypeError: mongo.lista is not a function
    at Object.get (E:\BRYAN\documentos\Programacion\Node\platzi\portafolio\api\components\user\controller.js:15:15)
    at E:\BRYAN\documentos\Programacion\Node\platzi\portafolio\api\components\user\network.js:9:33
    at Layer.handle [as handle_request] (E:\BRYAN\documentos\Programacion\Node\platzi\portafolio\node_modules\express\lib\router\layer.js:95:5)
    at next (E:\BRYAN\documentos\Programacion\Node\platzi\portafolio\node_modules\express\lib\router\route.js:137:13)
    at Route.dispatch (E:\BRYAN\documentos\Programacion\Node\platzi\portafolio\node_modules\express\lib\router\route.js:112:3)
    at Layer.handle [as handle_request] (E:\BRYAN\documentos\Programacion\Node\platzi\portafolio\node_modules\express\lib\router\layer.js:95:5)
    at E:\BRYAN\documentos\Programacion\Node\platzi\portafolio\node_modules\express\lib\router\index.js:281:22
    at Function.process_params (E:\BRYAN\documentos\Programacion\Node\platzi\portafolio\node_modules\express\lib\router\index.js:335:12)
    at next (E:\BRYAN\documentos\Programacion\Node\platzi\portafolio\node_modules\express\lib\router\index.js:275:10)
    at Function.handle (E:\BRYAN\documentos\Programacion\Node\platzi\portafolio\node_modules\express\lib\router\index.js:174:3)
[2021-07-16T18:30:49.872] [INFO] portafolio - Api corriendo en el puerto 3000 
[2021-07-16T18:30:50.255] [INFO] portafolio - Error: TypeError: mongo.lista is not a function
    at Object.get (E:\BRYAN\documentos\Programacion\Node\platzi\portafolio\api\components\user\controller.js:15:15)
    at E:\BRYAN\documentos\Programacion\Node\platzi\portafolio\api\components\user\network.js:9:33
    at Layer.handle [as handle_request] (E:\BRYAN\documentos\Programacion\Node\platzi\portafolio\node_modules\express\lib\router\layer.js:95:5)
    at next (E:\BRYAN\documentos\Programacion\Node\platzi\portafolio\node_modules\express\lib\router\route.js:137:13)
    at Route.dispatch (E:\BRYAN\documentos\Programacion\Node\platzi\portafolio\node_modules\express\lib\router\route.js:112:3)
    at Layer.handle [as handle_request] (E:\BRYAN\documentos\Programacion\Node\platzi\portafolio\node_modules\express\lib\router\layer.js:95:5)
    at E:\BRYAN\documentos\Programacion\Node\platzi\portafolio\node_modules\express\lib\router\index.js:281:22
    at Function.process_params (E:\BRYAN\documentos\Programacion\Node\platzi\portafolio\node_modules\express\lib\router\index.js:335:12)
    at next (E:\BRYAN\documentos\Programacion\Node\platzi\portafolio\node_modules\express\lib\router\index.js:275:10)
    at Function.handle (E:\BRYAN\documentos\Programacion\Node\platzi\portafolio\node_modules\express\lib\router\index.js:174:3)
[2021-07-16T18:32:34.440] [INFO] portafolio - Api corriendo en el puerto 3000 
[2021-07-16T18:32:52.882] [INFO] portafolio - Api corriendo en el puerto 3000 
[2021-07-16T18:32:58.749] [INFO] portafolio - Error: TypeError: mongo.lista is not a function
    at Object.get (E:\BRYAN\documentos\Programacion\Node\platzi\portafolio\api\components\user\controller.js:15:15)
    at E:\BRYAN\documentos\Programacion\Node\platzi\portafolio\api\components\user\network.js:9:33
    at Layer.handle [as handle_request] (E:\BRYAN\documentos\Programacion\Node\platzi\portafolio\node_modules\express\lib\router\layer.js:95:5)
    at next (E:\BRYAN\documentos\Programacion\Node\platzi\portafolio\node_modules\express\lib\router\route.js:137:13)
    at Route.dispatch (E:\BRYAN\documentos\Programacion\Node\platzi\portafolio\node_modules\express\lib\router\route.js:112:3)
    at Layer.handle [as handle_request] (E:\BRYAN\documentos\Programacion\Node\platzi\portafolio\node_modules\express\lib\router\layer.js:95:5)
    at E:\BRYAN\documentos\Programacion\Node\platzi\portafolio\node_modules\express\lib\router\index.js:281:22
    at Function.process_params (E:\BRYAN\documentos\Programacion\Node\platzi\portafolio\node_modules\express\lib\router\index.js:335:12)
    at next (E:\BRYAN\documentos\Programacion\Node\platzi\portafolio\node_modules\express\lib\router\index.js:275:10)
    at Function.handle (E:\BRYAN\documentos\Programacion\Node\platzi\portafolio\node_modules\express\lib\router\index.js:174:3)
[2021-07-16T18:36:34.172] [INFO] portafolio - Api corriendo en el puerto 3000 
[2021-07-16T18:47:55.995] [INFO] portafolio - Api corriendo en el puerto 3000 
[2021-07-16T18:50:21.646] [INFO] portafolio - Api corriendo en el puerto 3000 
[2021-07-16T18:52:26.973] [INFO] portafolio - Api corriendo en el puerto 3000 
[2021-07-16T18:52:31.602] [INFO] portafolio - Api corriendo en el puerto 3000 
[2021-07-16T19:00:13.894] [INFO] portafolio - Api corriendo en el puerto 3000 
[2021-07-16T19:01:09.446] [INFO] portafolio - Api corriendo en el puerto 3000 
[2021-07-16T19:01:20.469] [INFO] portafolio - Api corriendo en el puerto 3000 
[2021-07-16T19:02:35.793] [INFO] portafolio - Api corriendo en el puerto 3000 
[2021-07-16T19:02:42.100] [INFO] portafolio - Api corriendo en el puerto 3000 
[2021-07-16T19:02:48.588] [INFO] portafolio - Api corriendo en el puerto 3000 
[2021-07-16T19:02:58.087] [INFO] portafolio - Api corriendo en el puerto 3000 
[2021-07-16T19:03:51.453] [INFO] portafolio - Api corriendo en el puerto 3000 
[2021-07-16T19:03:56.540] [INFO] portafolio - Api corriendo en el puerto 3000 
[2021-07-16T19:04:07.357] [INFO] portafolio - Api corriendo en el puerto 3000 
[2021-07-16T19:04:20.462] [INFO] portafolio - Api corriendo en el puerto 3000 
[2021-07-16T19:04:28.950] [INFO] portafolio - Api corriendo en el puerto 3000 
[2021-07-16T19:04:40.029] [INFO] portafolio - Api corriendo en el puerto 3000 
[2021-07-16T19:04:42.202] [INFO] portafolio - Api corriendo en el puerto 3000 
[2021-07-16T19:05:29.556] [INFO] portafolio - Api corriendo en el puerto 3000 
[2021-07-16T19:07:20.645] [INFO] portafolio - Api corriendo en el puerto 3000 
[2021-07-16T19:07:24.912] [INFO] portafolio - Api corriendo en el puerto 3000 
[2021-07-16T19:07:30.033] [INFO] portafolio - Api corriendo en el puerto 3000 
[2021-07-16T19:10:39.875] [INFO] portafolio - Api corriendo en el puerto 3000 
[2021-07-16T19:10:46.582] [INFO] portafolio - Api corriendo en el puerto 3000 
[2021-07-16T19:10:49.861] [INFO] portafolio - Api corriendo en el puerto 3000 
[2021-07-16T19:10:54.404] [INFO] portafolio - Api corriendo en el puerto 3000 
[2021-07-16T19:10:57.336] [INFO] portafolio - Api corriendo en el puerto 3000 
[2021-07-16T19:11:01.561] [INFO] portafolio - Api corriendo en el puerto 3000 
[2021-07-16T19:11:09.171] [INFO] portafolio - Api corriendo en el puerto 3000 
[2021-07-16T19:11:21.306] [INFO] portafolio - Api corriendo en el puerto 3000 
[2021-07-16T19:11:25.224] [INFO] portafolio - Api corriendo en el puerto 3000 
[2021-07-16T19:12:48.604] [INFO] portafolio - Api corriendo en el puerto 3000 
[2021-07-16T19:13:01.786] [INFO] portafolio - Api corriendo en el puerto 3000 
[2021-07-16T19:14:45.649] [INFO] portafolio - Api corriendo en el puerto 3000 
[2021-07-16T19:14:49.513] [INFO] portafolio - Api corriendo en el puerto 3000 
[2021-07-16T19:21:01.733] [INFO] portafolio - Api corriendo en el puerto 3000 
[2021-07-16T19:21:11.236] [INFO] portafolio - SyntaxError: Unexpected token } in JSON at position 38
    at JSON.parse (<anonymous>)
    at parse (E:\BRYAN\documentos\Programacion\Node\platzi\portafolio\node_modules\body-parser\lib\types\json.js:89:19)
    at E:\BRYAN\documentos\Programacion\Node\platzi\portafolio\node_modules\body-parser\lib\read.js:121:18
    at invokeCallback (E:\BRYAN\documentos\Programacion\Node\platzi\portafolio\node_modules\raw-body\index.js:224:16)
    at done (E:\BRYAN\documentos\Programacion\Node\platzi\portafolio\node_modules\raw-body\index.js:213:7)
    at IncomingMessage.onEnd (E:\BRYAN\documentos\Programacion\Node\platzi\portafolio\node_modules\raw-body\index.js:273:7)
    at IncomingMessage.emit (events.js:327:22)
    at endReadableNT (_stream_readable.js:1327:12)
    at processTicksAndRejections (internal/process/task_queues.js:80:21) {
  expose: true,
  statusCode: 400,
  status: 400,
  body: '{\r\n    "username" : "bryan",\r\n    \r\n\r\n}',
  type: 'entity.parse.failed'
}
[2021-07-16T19:21:30.368] [INFO] portafolio - TypeError: Joi.validate is not a function
    at validate (E:\BRYAN\documentos\Programacion\Node\platzi\portafolio\middlewares\validateHandler.js:4:25)
    at E:\BRYAN\documentos\Programacion\Node\platzi\portafolio\middlewares\validateHandler.js:10:21
    at Layer.handle [as handle_request] (E:\BRYAN\documentos\Programacion\Node\platzi\portafolio\node_modules\express\lib\router\layer.js:95:5)
    at next (E:\BRYAN\documentos\Programacion\Node\platzi\portafolio\node_modules\express\lib\router\route.js:137:13)
    at next (E:\BRYAN\documentos\Programacion\Node\platzi\portafolio\node_modules\express\lib\router\route.js:131:14)
    at Route.dispatch (E:\BRYAN\documentos\Programacion\Node\platzi\portafolio\node_modules\express\lib\router\route.js:112:3)
    at Layer.handle [as handle_request] (E:\BRYAN\documentos\Programacion\Node\platzi\portafolio\node_modules\express\lib\router\layer.js:95:5)
    at E:\BRYAN\documentos\Programacion\Node\platzi\portafolio\node_modules\express\lib\router\index.js:281:22
    at Function.process_params (E:\BRYAN\documentos\Programacion\Node\platzi\portafolio\node_modules\express\lib\router\index.js:335:12)
    at next (E:\BRYAN\documentos\Programacion\Node\platzi\portafolio\node_modules\express\lib\router\index.js:275:10)
[2021-07-16T19:25:22.543] [INFO] portafolio - Api corriendo en el puerto 3000 
[2021-07-16T19:25:42.405] [INFO] portafolio - TypeError: Joi.validate is not a function
    at validate (E:\BRYAN\documentos\Programacion\Node\platzi\portafolio\middlewares\validateHandler.js:4:25)
    at E:\BRYAN\documentos\Programacion\Node\platzi\portafolio\middlewares\validateHandler.js:10:21
    at Layer.handle [as handle_request] (E:\BRYAN\documentos\Programacion\Node\platzi\portafolio\node_modules\express\lib\router\layer.js:95:5)
    at next (E:\BRYAN\documentos\Programacion\Node\platzi\portafolio\node_modules\express\lib\router\route.js:137:13)
    at next (E:\BRYAN\documentos\Programacion\Node\platzi\portafolio\node_modules\express\lib\router\route.js:131:14)
    at Route.dispatch (E:\BRYAN\documentos\Programacion\Node\platzi\portafolio\node_modules\express\lib\router\route.js:112:3)
    at Layer.handle [as handle_request] (E:\BRYAN\documentos\Programacion\Node\platzi\portafolio\node_modules\express\lib\router\layer.js:95:5)
    at E:\BRYAN\documentos\Programacion\Node\platzi\portafolio\node_modules\express\lib\router\index.js:281:22
    at Function.process_params (E:\BRYAN\documentos\Programacion\Node\platzi\portafolio\node_modules\express\lib\router\index.js:335:12)
    at next (E:\BRYAN\documentos\Programacion\Node\platzi\portafolio\node_modules\express\lib\router\index.js:275:10)
[2021-07-16T19:26:22.693] [INFO] portafolio - Api corriendo en el puerto 3000 
[2021-07-16T19:29:46.360] [INFO] portafolio - Error: ValidationError: "password" is required
    at E:\BRYAN\documentos\Programacion\Node\platzi\portafolio\middlewares\validateHandler.js:11:20
    at Layer.handle [as handle_request] (E:\BRYAN\documentos\Programacion\Node\platzi\portafolio\node_modules\express\lib\router\layer.js:95:5)
    at next (E:\BRYAN\documentos\Programacion\Node\platzi\portafolio\node_modules\express\lib\router\route.js:137:13)
    at next (E:\BRYAN\documentos\Programacion\Node\platzi\portafolio\node_modules\express\lib\router\route.js:131:14)
    at Route.dispatch (E:\BRYAN\documentos\Programacion\Node\platzi\portafolio\node_modules\express\lib\router\route.js:112:3)
    at Layer.handle [as handle_request] (E:\BRYAN\documentos\Programacion\Node\platzi\portafolio\node_modules\express\lib\router\layer.js:95:5)
    at E:\BRYAN\documentos\Programacion\Node\platzi\portafolio\node_modules\express\lib\router\index.js:281:22
    at Function.process_params (E:\BRYAN\documentos\Programacion\Node\platzi\portafolio\node_modules\express\lib\router\index.js:335:12)
    at next (E:\BRYAN\documentos\Programacion\Node\platzi\portafolio\node_modules\express\lib\router\index.js:275:10)
    at Function.handle (E:\BRYAN\documentos\Programacion\Node\platzi\portafolio\node_modules\express\lib\router\index.js:174:3)
